TN:
SF:F:\nodejs\b\hw4\src\polyfills.ts
FNF:0
FNH:0
LF:0
LH:0
BRF:0
BRH:0
end_of_record
TN:
SF:F:\nodejs\b\hw4\src\test.ts
FNF:0
FNH:0
DA:13,1
DA:18,1
DA:20,1
DA:21,1
DA:252,1
DA:854,1
LF:6
LH:6
BRF:0
BRH:0
end_of_record
TN:
SF:F:\nodejs\b\hw4\src\app\app-routing.module.ts
FNF:0
FNH:0
DA:8,1
DA:14,1
LF:2
LH:2
BRF:0
BRH:0
end_of_record
TN:
SF:F:\nodejs\b\hw4\src\app\app.component.ts
FN:3,(anonymous_0)
FNF:1
FNH:1
FNDA:2,(anonymous_0)
DA:8,1
DA:9,2
LF:2
LH:2
BRF:0
BRH:0
end_of_record
TN:
SF:F:\nodejs\b\hw4\src\app\users.service.ts
FN:6,(anonymous_0)
FN:7,(anonymous_1)
FN:21,(anonymous_2)
FN:25,(anonymous_3)
FN:30,(anonymous_4)
FN:36,(anonymous_5)
FNF:6
FNH:6
FNDA:22,(anonymous_0)
FNDA:5,(anonymous_1)
FNDA:2,(anonymous_2)
FNDA:1100,(anonymous_3)
FNDA:124,(anonymous_4)
FNDA:279,(anonymous_5)
DA:4,1
DA:5,22
DA:6,22
DA:8,5
DA:9,5
DA:11,22
DA:12,4
DA:13,2
DA:16,2
DA:19,1
DA:22,2
DA:26,1100
DA:27,110
DA:28,990
DA:32,124
DA:33,58
DA:34,66
DA:38,279
DA:39,0
DA:40,279
DA:41,221
DA:42,58
LF:22
LH:21
BRDA:11,0,0,4
BRDA:11,0,1,18
BRDA:12,1,0,2
BRDA:12,1,1,2
BRDA:26,2,0,110
BRDA:26,2,1,990
BRDA:32,3,0,58
BRDA:32,3,1,66
BRDA:32,4,0,124
BRDA:32,4,1,79
BRDA:32,4,2,76
BRDA:38,5,0,0
BRDA:38,5,1,279
BRDA:38,6,0,279
BRDA:38,6,1,279
BRDA:40,7,0,221
BRDA:40,7,1,58
BRF:17
BRH:16
end_of_record
TN:
SF:F:\nodejs\b\hw4\src\app\auth\auth.service.ts
FN:6,(anonymous_0)
FNF:1
FNH:1
FNDA:5,(anonymous_0)
DA:4,1
LF:1
LH:1
BRF:0
BRH:0
end_of_record
TN:
SF:F:\nodejs\b\hw4\src\app\login\login.component.ts
FN:17,(anonymous_0)
FN:18,(anonymous_1)
FN:21,(anonymous_2)
FN:25,(anonymous_3)
FN:30,(anonymous_4)
FN:42,(anonymous_5)
FN:48,(anonymous_6)
FNF:7
FNH:5
FNDA:8,(anonymous_0)
FNDA:10,(anonymous_1)
FNDA:12,(anonymous_2)
FNDA:0,(anonymous_3)
FNDA:3,(anonymous_4)
FNDA:1,(anonymous_5)
FNDA:0,(anonymous_6)
DA:12,1
DA:13,8
DA:15,8
DA:17,8
DA:20,10
DA:21,10
DA:22,12
DA:25,10
DA:26,0
DA:27,0
DA:31,3
DA:32,3
DA:33,3
DA:34,3
DA:35,3
DA:36,3
DA:37,1
DA:40,1
DA:41,1
DA:42,1
DA:46,2
DA:47,2
DA:48,2
LF:23
LH:21
BRDA:36,0,0,1
BRDA:36,0,1,2
BRF:2
BRH:2
end_of_record
TN:
SF:F:\nodejs\b\hw4\src\app\main\main.component.ts
FN:14,(anonymous_0)
FN:39,(anonymous_1)
FN:40,(anonymous_2)
FN:56,(anonymous_3)
FN:61,(anonymous_4)
FN:66,(anonymous_5)
FN:98,(anonymous_6)
FN:102,(anonymous_7)
FN:131,(anonymous_8)
FN:136,(anonymous_9)
FN:151,(anonymous_10)
FN:152,(anonymous_11)
FN:160,(anonymous_12)
FN:164,(anonymous_13)
FN:173,(anonymous_14)
FN:176,(anonymous_15)
FN:183,(anonymous_16)
FN:187,(anonymous_17)
FN:200,(anonymous_18)
FN:211,(anonymous_19)
FN:230,(anonymous_20)
FNF:21
FNH:15
FNDA:8,(anonymous_0)
FNDA:8,(anonymous_1)
FNDA:8,(anonymous_2)
FNDA:0,(anonymous_3)
FNDA:0,(anonymous_4)
FNDA:10,(anonymous_5)
FNDA:9,(anonymous_6)
FNDA:0,(anonymous_7)
FNDA:1,(anonymous_8)
FNDA:0,(anonymous_9)
FNDA:0,(anonymous_10)
FNDA:0,(anonymous_11)
FNDA:1,(anonymous_12)
FNDA:2,(anonymous_13)
FNDA:1,(anonymous_14)
FNDA:3,(anonymous_15)
FNDA:1,(anonymous_16)
FNDA:2,(anonymous_17)
FNDA:2,(anonymous_18)
FNDA:1,(anonymous_19)
FNDA:3,(anonymous_20)
DA:12,1
DA:14,8
DA:15,8
DA:16,8
DA:17,8
DA:18,8
DA:19,8
DA:20,8
DA:21,8
DA:22,8
DA:23,8
DA:24,8
DA:25,8
DA:26,8
DA:27,8
DA:28,8
DA:29,8
DA:30,8
DA:31,8
DA:32,8
DA:33,8
DA:34,8
DA:35,8
DA:36,8
DA:37,8
DA:38,8
DA:40,8
DA:41,8
DA:44,8
DA:45,8
DA:46,8
DA:47,7
DA:49,1
DA:50,1
DA:54,8
DA:56,8
DA:57,0
DA:58,0
DA:61,8
DA:62,0
DA:67,10
DA:68,10
DA:69,10
DA:70,10
DA:71,10
DA:72,10
DA:73,1000
DA:74,100
DA:77,10
DA:78,100
DA:79,100
DA:80,100
DA:81,100
DA:83,100
DA:85,100
DA:86,100
DA:87,230
DA:89,100
DA:91,10
DA:92,10
DA:93,100
DA:100,9
DA:101,9
DA:102,9
DA:103,0
DA:104,0
DA:105,0
DA:108,0
DA:109,0
DA:110,0
DA:111,0
DA:112,0
DA:114,0
DA:116,0
DA:117,0
DA:118,0
DA:119,0
DA:121,0
DA:122,0
DA:123,0
DA:124,0
DA:125,0
DA:126,0
DA:127,0
DA:132,1
DA:133,1
DA:134,1
DA:135,1
DA:136,1
DA:137,0
DA:138,0
DA:139,0
DA:140,0
DA:141,0
DA:142,0
DA:143,0
DA:145,0
DA:146,0
DA:147,0
DA:152,0
DA:153,0
DA:154,0
DA:155,0
DA:156,0
DA:157,0
DA:158,0
DA:161,1
DA:162,1
DA:165,2
DA:166,2
DA:167,2
DA:168,1
DA:170,1
DA:171,2
DA:174,1
DA:177,3
DA:178,3
DA:179,120
DA:180,56
DA:184,1
DA:185,1
DA:188,2
DA:189,2
DA:190,1
DA:191,1
DA:192,1
DA:193,1
DA:194,1
DA:195,1
DA:196,1
DA:197,1
DA:198,1
DA:201,2
DA:202,2
DA:204,1
DA:205,1
DA:207,1
DA:208,1
DA:209,1
DA:213,1
DA:214,1
DA:215,1
DA:216,40
DA:217,10
DA:219,30
DA:221,1
DA:222,40
DA:223,10
DA:225,30
DA:227,1
DA:228,1
DA:231,3
DA:232,3
DA:233,1
DA:234,1
DA:235,2
DA:236,2
DA:237,0
DA:238,0
DA:239,2
DA:240,0
DA:241,0
DA:243,2
DA:244,2
DA:245,2
DA:246,2
DA:247,1
DA:248,1
DA:249,1
DA:250,1
DA:251,1
DA:252,1
DA:253,1
DA:257,0
DA:258,0
DA:259,0
LF:176
LH:129
BRDA:46,0,0,7
BRDA:46,0,1,1
BRDA:73,1,0,100
BRDA:73,1,1,900
BRDA:104,2,0,0
BRDA:104,2,1,0
BRDA:167,3,0,1
BRDA:167,3,1,1
BRDA:179,4,0,56
BRDA:179,4,1,64
BRDA:189,5,0,1
BRDA:189,5,1,1
BRDA:202,6,0,1
BRDA:202,6,1,1
BRDA:216,7,0,10
BRDA:216,7,1,30
BRDA:222,8,0,10
BRDA:222,8,1,30
BRDA:232,9,0,1
BRDA:232,9,1,2
BRDA:236,10,0,0
BRDA:236,10,1,2
BRDA:239,11,0,0
BRDA:239,11,1,2
BRDA:239,12,0,2
BRDA:239,12,1,2
BRDA:243,13,0,2
BRDA:243,13,1,0
BRDA:243,14,0,2
BRDA:243,14,1,2
BRDA:246,15,0,1
BRDA:246,15,1,1
BRF:32
BRH:27
end_of_record
TN:
SF:F:\nodejs\b\hw4\src\app\profile\profile.component.ts
FN:30,(anonymous_0)
FN:32,(anonymous_1)
FN:32,(anonymous_2)
FN:43,(anonymous_3)
FN:58,(anonymous_4)
FN:61,(anonymous_5)
FNF:6
FNH:5
FNDA:3,(anonymous_0)
FNDA:3,(anonymous_1)
FNDA:3,(anonymous_2)
FNDA:4,(anonymous_3)
FNDA:0,(anonymous_4)
FNDA:5,(anonymous_5)
DA:10,1
DA:11,3
DA:12,3
DA:13,3
DA:14,3
DA:15,3
DA:16,3
DA:17,3
DA:18,3
DA:19,3
DA:20,3
DA:21,3
DA:22,3
DA:23,3
DA:24,3
DA:25,3
DA:26,3
DA:27,3
DA:28,3
DA:29,3
DA:30,3
DA:32,3
DA:33,3
DA:34,3
DA:35,3
DA:36,3
DA:37,3
DA:38,3
DA:39,3
DA:40,3
DA:44,4
DA:45,4
DA:46,4
DA:47,4
DA:48,4
DA:49,4
DA:50,4
DA:51,4
DA:52,4
DA:53,4
DA:54,4
DA:55,1
DA:56,4
DA:59,0
DA:62,5
DA:63,5
DA:64,5
DA:65,5
DA:66,5
DA:67,5
DA:68,1
DA:69,1
DA:71,1
DA:72,1
DA:73,1
DA:76,0
DA:79,5
DA:80,1
DA:81,1
DA:83,0
DA:84,0
DA:85,0
DA:88,1
DA:91,5
DA:92,1
DA:93,1
DA:95,0
DA:96,0
DA:97,0
DA:100,1
DA:103,5
DA:104,1
DA:105,1
DA:106,1
DA:107,1
DA:108,1
DA:111,0
DA:114,5
DA:115,1
DA:116,1
DA:117,1
DA:118,1
DA:120,5
DA:121,5
DA:122,5
DA:123,5
DA:124,5
LF:87
LH:78
BRDA:54,0,0,1
BRDA:54,0,1,3
BRDA:67,1,0,1
BRDA:67,1,1,4
BRDA:67,2,0,5
BRDA:67,2,1,1
BRDA:69,3,0,1
BRDA:69,3,1,0
BRDA:79,4,0,1
BRDA:79,4,1,4
BRDA:79,5,0,5
BRDA:79,5,1,1
BRDA:81,6,0,0
BRDA:81,6,1,1
BRDA:91,7,0,1
BRDA:91,7,1,4
BRDA:91,8,0,5
BRDA:91,8,1,1
BRDA:93,9,0,0
BRDA:93,9,1,1
BRDA:103,10,0,1
BRDA:103,10,1,4
BRDA:103,11,0,5
BRDA:103,11,1,1
BRDA:105,12,0,1
BRDA:105,12,1,0
BRDA:114,13,0,1
BRDA:114,13,1,4
BRF:28
BRH:24
end_of_record
TN:
SF:F:\nodejs\b\hw4\src\app\register\regi.service.ts
FN:6,(anonymous_0)
FN:7,(anonymous_1)
FN:20,(anonymous_2)
FN:25,(anonymous_3)
FN:31,(anonymous_4)
FNF:5
FNH:5
FNDA:6,(anonymous_0)
FNDA:6,(anonymous_1)
FNDA:6,(anonymous_2)
FNDA:6,(anonymous_3)
FNDA:6,(anonymous_4)
DA:4,1
DA:6,6
DA:8,6
DA:9,6
DA:10,6
DA:11,6
DA:12,6
DA:13,6
DA:14,6
DA:15,6
DA:16,1
DA:18,5
DA:21,6
DA:22,5
DA:23,1
DA:26,6
DA:27,1
DA:29,5
DA:32,6
DA:33,6
DA:34,13
DA:35,1
DA:37,5
LF:23
LH:23
BRDA:15,0,0,1
BRDA:15,0,1,5
BRDA:21,1,0,5
BRDA:21,1,1,1
BRDA:26,2,0,1
BRDA:26,2,1,5
BRDA:34,3,0,1
BRDA:34,3,1,12
BRF:8
BRH:8
end_of_record
TN:
SF:F:\nodejs\b\hw4\src\app\welcome\welcome.component.ts
FN:15,(anonymous_0)
FN:35,(anonymous_1)
FN:36,(anonymous_2)
FN:40,(anonymous_3)
FN:55,(anonymous_4)
FN:96,(anonymous_5)
FNF:6
FNH:5
FNDA:4,(anonymous_0)
FNDA:4,(anonymous_1)
FNDA:0,(anonymous_2)
FNDA:2,(anonymous_3)
FNDA:4,(anonymous_4)
FNDA:2,(anonymous_5)
DA:13,1
DA:15,4
DA:17,4
DA:18,4
DA:19,4
DA:20,4
DA:21,4
DA:22,4
DA:23,4
DA:24,4
DA:25,4
DA:26,4
DA:27,4
DA:28,4
DA:29,4
DA:30,4
DA:31,4
DA:32,4
DA:33,4
DA:34,4
DA:36,4
DA:37,0
DA:41,2
DA:42,2
DA:43,2
DA:44,1
DA:45,1
DA:46,0
DA:47,1
DA:49,1
DA:50,1
DA:51,1
DA:53,0
DA:56,4
DA:57,4
DA:58,4
DA:59,4
DA:60,4
DA:61,0
DA:62,0
DA:64,4
DA:65,4
DA:66,0
DA:67,0
DA:70,4
DA:71,4
DA:72,0
DA:73,0
DA:76,4
DA:77,4
DA:78,4
DA:79,4
DA:80,4
DA:81,4
DA:82,4
DA:83,4
DA:84,4
DA:86,1
DA:87,1
DA:88,1
DA:89,1
DA:90,1
DA:91,1
DA:92,1
DA:93,1
DA:97,2
DA:98,1
DA:99,2
DA:100,1
LF:69
LH:60
BRDA:43,0,0,1
BRDA:43,0,1,1
BRDA:45,1,0,0
BRDA:45,1,1,1
BRDA:49,2,0,1
BRDA:49,2,1,0
BRDA:60,3,0,0
BRDA:60,3,1,4
BRDA:65,4,0,0
BRDA:65,4,1,4
BRDA:71,5,0,0
BRDA:71,5,1,4
BRDA:77,6,0,4
BRDA:77,6,1,1
BRDA:79,7,0,4
BRDA:79,7,1,1
BRDA:80,8,0,4
BRDA:80,8,1,1
BRDA:81,9,0,4
BRDA:81,9,1,1
BRDA:82,10,0,4
BRDA:82,10,1,3
BRDA:83,11,0,4
BRDA:83,11,1,1
BRDA:83,11,2,1
BRDA:83,11,3,1
BRDA:83,11,4,1
BRDA:84,12,0,1
BRDA:84,12,1,3
BRDA:97,13,0,1
BRDA:97,13,1,1
BRDA:99,14,0,1
BRDA:99,14,1,1
BRF:33
BRH:28
end_of_record
